Using GATK jar /Users/jennyfzhao/Work/task/2026-06-15_dnaseq/.micromamba/envs/koi-dnaseq/share/gatk4-4.6.2.0-0/gatk-package-4.6.2.0-local.jar
Running:
    java -Dsamjdk.use_async_io_read_samtools=false -Dsamjdk.use_async_io_write_samtools=true -Dsamjdk.use_async_io_write_tribble=false -Dsamjdk.compression_level=2 -jar /Users/jennyfzhao/Work/task/2026-06-15_dnaseq/.micromamba/envs/koi-dnaseq/share/gatk4-4.6.2.0-0/gatk-package-4.6.2.0-local.jar HaplotypeCaller -R references/carp.fa -I results/picard/SRR18681861.dedup.bam -O results/gatk_chrA20/gvcf/SRR18681861.NC_056591.1.g.vcf.gz -ERC GVCF -L NC_056591.1
00:16:08.390 INFO  NativeLibraryLoader - Loading libgkl_compression.dylib from jar:file:/Users/jennyfzhao/Work/task/2026-06-15_dnaseq/.micromamba/envs/koi-dnaseq/share/gatk4-4.6.2.0-0/gatk-package-4.6.2.0-local.jar!/com/intel/gkl/native/libgkl_compression.dylib
00:16:08.395 WARN  NativeLibraryLoader - Unable to load libgkl_compression.dylib from native/libgkl_compression.dylib (/private/var/folders/vl/k_bf39xn4s57bs_9qbflf_8m0000gn/T/libgkl_compression17006252724579061241.dylib: dlopen(/private/var/folders/vl/k_bf39xn4s57bs_9qbflf_8m0000gn/T/libgkl_compression17006252724579061241.dylib, 0x0001): tried: '/private/var/folders/vl/k_bf39xn4s57bs_9qbflf_8m0000gn/T/libgkl_compression17006252724579061241.dylib' (mach-o file, but is an incompatible architecture (have 'x86_64', need 'arm64e' or 'arm64e.v1' or 'arm64' or 'arm64')), '/System/Volumes/Preboot/Cryptexes/OS/private/var/folders/vl/k_bf39xn4s57bs_9qbflf_8m0000gn/T/libgkl_compression17006252724579061241.dylib' (no such file), '/private/var/folders/vl/k_bf39xn4s57bs_9qbflf_8m0000gn/T/libgkl_compression17006252724579061241.dylib' (mach-o file, but is an incompatible architecture (have 'x86_64', need 'arm64e' or 'arm64e.v1' or 'arm64' or 'arm64')))
00:16:08.397 INFO  NativeLibraryLoader - Loading libgkl_compression.dylib from jar:file:/Users/jennyfzhao/Work/task/2026-06-15_dnaseq/.micromamba/envs/koi-dnaseq/share/gatk4-4.6.2.0-0/gatk-package-4.6.2.0-local.jar!/com/intel/gkl/native/libgkl_compression.dylib
00:16:08.399 WARN  NativeLibraryLoader - Unable to load libgkl_compression.dylib from native/libgkl_compression.dylib (/private/var/folders/vl/k_bf39xn4s57bs_9qbflf_8m0000gn/T/libgkl_compression3984782004326749596.dylib: dlopen(/private/var/folders/vl/k_bf39xn4s57bs_9qbflf_8m0000gn/T/libgkl_compression3984782004326749596.dylib, 0x0001): tried: '/private/var/folders/vl/k_bf39xn4s57bs_9qbflf_8m0000gn/T/libgkl_compression3984782004326749596.dylib' (mach-o file, but is an incompatible architecture (have 'x86_64', need 'arm64e' or 'arm64e.v1' or 'arm64' or 'arm64')), '/System/Volumes/Preboot/Cryptexes/OS/private/var/folders/vl/k_bf39xn4s57bs_9qbflf_8m0000gn/T/libgkl_compression3984782004326749596.dylib' (no such file), '/private/var/folders/vl/k_bf39xn4s57bs_9qbflf_8m0000gn/T/libgkl_compression3984782004326749596.dylib' (mach-o file, but is an incompatible architecture (have 'x86_64', need 'arm64e' or 'arm64e.v1' or 'arm64' or 'arm64')))
00:16:08.439 INFO  HaplotypeCaller - ------------------------------------------------------------
00:16:08.440 INFO  HaplotypeCaller - The Genome Analysis Toolkit (GATK) v4.6.2.0
00:16:08.440 INFO  HaplotypeCaller - For support and documentation go to https://software.broadinstitute.org/gatk/
00:16:08.440 INFO  HaplotypeCaller - Executing as jennyfzhao@Jennys-MacBook-Pro.local on Mac OS X v26.5.2 aarch64
00:16:08.440 INFO  HaplotypeCaller - Java runtime: OpenJDK 64-Bit Server VM v17.0.18+8-LTS
00:16:08.440 INFO  HaplotypeCaller - Start Date/Time: July 14, 2026 at 12:16:08 AM EDT
00:16:08.440 INFO  HaplotypeCaller - ------------------------------------------------------------
00:16:08.440 INFO  HaplotypeCaller - ------------------------------------------------------------
00:16:08.441 INFO  HaplotypeCaller - HTSJDK Version: 4.2.0
00:16:08.441 INFO  HaplotypeCaller - Picard Version: 3.4.0
00:16:08.441 INFO  HaplotypeCaller - Built for Spark Version: 3.5.0
00:16:08.441 INFO  HaplotypeCaller - HTSJDK Defaults.COMPRESSION_LEVEL : 2
00:16:08.441 INFO  HaplotypeCaller - HTSJDK Defaults.USE_ASYNC_IO_READ_FOR_SAMTOOLS : false
00:16:08.442 INFO  HaplotypeCaller - HTSJDK Defaults.USE_ASYNC_IO_WRITE_FOR_SAMTOOLS : true
00:16:08.442 INFO  HaplotypeCaller - HTSJDK Defaults.USE_ASYNC_IO_WRITE_FOR_TRIBBLE : false
00:16:08.442 INFO  HaplotypeCaller - Deflater: JdkDeflater
00:16:08.442 INFO  HaplotypeCaller - Inflater: JdkInflater
00:16:08.442 INFO  HaplotypeCaller - GCS max retries/reopens: 20
00:16:08.442 INFO  HaplotypeCaller - Requester pays: disabled
00:16:08.442 INFO  HaplotypeCaller - Initializing engine
00:16:08.519 WARN  IntelInflaterFactory - IntelInflater is not supported, using Java.util.zip.Inflater
00:16:08.520 WARN  IntelInflaterFactory - IntelInflater is not supported, using Java.util.zip.Inflater
00:16:08.568 INFO  IntervalArgumentCollection - Processing 27589077 bp from intervals
00:16:08.574 INFO  HaplotypeCaller - Done initializing engine
00:16:08.575 INFO  HaplotypeCallerEngine - Tool is in reference confidence mode and the annotation, the following changes will be made to any specified annotations: 'StrandBiasBySample' will be enabled. 'ChromosomeCounts', 'FisherStrand', 'StrandOddsRatio' and 'QualByDepth' annotations have been disabled
00:16:08.613 INFO  NativeLibraryLoader - Loading libgkl_utils.dylib from jar:file:/Users/jennyfzhao/Work/task/2026-06-15_dnaseq/.micromamba/envs/koi-dnaseq/share/gatk4-4.6.2.0-0/gatk-package-4.6.2.0-local.jar!/com/intel/gkl/native/libgkl_utils.dylib
00:16:08.614 WARN  NativeLibraryLoader - Unable to load libgkl_utils.dylib from native/libgkl_utils.dylib (/private/var/folders/vl/k_bf39xn4s57bs_9qbflf_8m0000gn/T/libgkl_utils12207289876396037374.dylib: dlopen(/private/var/folders/vl/k_bf39xn4s57bs_9qbflf_8m0000gn/T/libgkl_utils12207289876396037374.dylib, 0x0001): tried: '/private/var/folders/vl/k_bf39xn4s57bs_9qbflf_8m0000gn/T/libgkl_utils12207289876396037374.dylib' (mach-o file, but is an incompatible architecture (have 'x86_64', need 'arm64e' or 'arm64e.v1' or 'arm64' or 'arm64')), '/System/Volumes/Preboot/Cryptexes/OS/private/var/folders/vl/k_bf39xn4s57bs_9qbflf_8m0000gn/T/libgkl_utils12207289876396037374.dylib' (no such file), '/private/var/folders/vl/k_bf39xn4s57bs_9qbflf_8m0000gn/T/libgkl_utils12207289876396037374.dylib' (mach-o file, but is an incompatible architecture (have 'x86_64', need 'arm64e' or 'arm64e.v1' or 'arm64' or 'arm64')))
00:16:08.614 WARN  IntelSmithWaterman - Intel GKL Utils not loaded
00:16:08.614 INFO  SmithWatermanAligner - AVX accelerated SmithWaterman implementation is not supported, falling back to the Java implementation
00:16:08.615 INFO  HaplotypeCallerEngine - Standard Emitting and Calling confidence set to -0.0 for reference-model confidence output
00:16:08.615 INFO  HaplotypeCallerEngine - All sites annotated with PLs forced to true for reference-model confidence output
00:16:08.618 INFO  NativeLibraryLoader - Loading libgkl_utils.dylib from jar:file:/Users/jennyfzhao/Work/task/2026-06-15_dnaseq/.micromamba/envs/koi-dnaseq/share/gatk4-4.6.2.0-0/gatk-package-4.6.2.0-local.jar!/com/intel/gkl/native/libgkl_utils.dylib
00:16:08.619 WARN  NativeLibraryLoader - Unable to load libgkl_utils.dylib from native/libgkl_utils.dylib (/private/var/folders/vl/k_bf39xn4s57bs_9qbflf_8m0000gn/T/libgkl_utils17102413504288860669.dylib: dlopen(/private/var/folders/vl/k_bf39xn4s57bs_9qbflf_8m0000gn/T/libgkl_utils17102413504288860669.dylib, 0x0001): tried: '/private/var/folders/vl/k_bf39xn4s57bs_9qbflf_8m0000gn/T/libgkl_utils17102413504288860669.dylib' (mach-o file, but is an incompatible architecture (have 'x86_64', need 'arm64e' or 'arm64e.v1' or 'arm64' or 'arm64')), '/System/Volumes/Preboot/Cryptexes/OS/private/var/folders/vl/k_bf39xn4s57bs_9qbflf_8m0000gn/T/libgkl_utils17102413504288860669.dylib' (no such file), '/private/var/folders/vl/k_bf39xn4s57bs_9qbflf_8m0000gn/T/libgkl_utils17102413504288860669.dylib' (mach-o file, but is an incompatible architecture (have 'x86_64', need 'arm64e' or 'arm64e.v1' or 'arm64' or 'arm64')))
00:16:08.619 WARN  IntelPairHmm - Intel GKL Utils not loaded
00:16:08.619 INFO  PairHMM - OpenMP multi-threaded AVX-accelerated native PairHMM implementation is not supported
00:16:08.619 INFO  NativeLibraryLoader - Loading libgkl_utils.dylib from jar:file:/Users/jennyfzhao/Work/task/2026-06-15_dnaseq/.micromamba/envs/koi-dnaseq/share/gatk4-4.6.2.0-0/gatk-package-4.6.2.0-local.jar!/com/intel/gkl/native/libgkl_utils.dylib
00:16:08.619 WARN  NativeLibraryLoader - Unable to load libgkl_utils.dylib from native/libgkl_utils.dylib (/private/var/folders/vl/k_bf39xn4s57bs_9qbflf_8m0000gn/T/libgkl_utils14016374756379031658.dylib: dlopen(/private/var/folders/vl/k_bf39xn4s57bs_9qbflf_8m0000gn/T/libgkl_utils14016374756379031658.dylib, 0x0001): tried: '/private/var/folders/vl/k_bf39xn4s57bs_9qbflf_8m0000gn/T/libgkl_utils14016374756379031658.dylib' (mach-o file, but is an incompatible architecture (have 'x86_64', need 'arm64e' or 'arm64e.v1' or 'arm64' or 'arm64')), '/System/Volumes/Preboot/Cryptexes/OS/private/var/folders/vl/k_bf39xn4s57bs_9qbflf_8m0000gn/T/libgkl_utils14016374756379031658.dylib' (no such file), '/private/var/folders/vl/k_bf39xn4s57bs_9qbflf_8m0000gn/T/libgkl_utils14016374756379031658.dylib' (mach-o file, but is an incompatible architecture (have 'x86_64', need 'arm64e' or 'arm64e.v1' or 'arm64' or 'arm64')))
00:16:08.619 WARN  IntelPairHmm - Intel GKL Utils not loaded
00:16:08.619 WARN  PairHMM - ***WARNING: Machine does not have the AVX instruction set support needed for the accelerated AVX PairHmm. Falling back to the MUCH slower LOGLESS_CACHING implementation!
00:16:08.620 WARN  IntelDeflaterFactory - Intel Deflater not supported, using Java.util.zip.Deflater
00:16:08.650 INFO  ProgressMeter - Starting traversal
00:16:08.651 INFO  ProgressMeter -        Current Locus  Elapsed Minutes     Regions Processed   Regions/Minute
00:16:08.832 WARN  InbreedingCoeff - InbreedingCoeff will not be calculated at position NC_056591.1:10512 and possibly subsequent; at least 10 samples must have called genotypes
00:16:11.200 WARN  DepthPerSampleHC - org.broadinstitute.hellbender.tools.walkers.annotator.DepthPerSampleHC$$Lambda$575/0x000000080162bc00@3a50f726
00:16:11.200 WARN  StrandBiasBySample - org.broadinstitute.hellbender.tools.walkers.annotator.StrandBiasBySample$$Lambda$576/0x000000080162f000@51aa4f81
00:16:18.652 INFO  ProgressMeter -   NC_056591.1:279405              0.2                  1860          11160.0
00:16:41.206 INFO  ProgressMeter -   NC_056591.1:485087              0.5                  3420           6303.2
00:16:51.369 INFO  ProgressMeter -   NC_056591.1:628692              0.7                  4530           6362.7
00:17:01.541 INFO  ProgressMeter -   NC_056591.1:774903              0.9                  5660           6420.9
00:17:11.829 INFO  ProgressMeter -   NC_056591.1:948655              1.1                  6820           6476.9
00:17:22.044 INFO  ProgressMeter -  NC_056591.1:1080013              1.2                  7770           6352.1
00:17:42.663 INFO  ProgressMeter -  NC_056591.1:1164906              1.6                  8380           5348.3
00:17:53.251 INFO  ProgressMeter -  NC_056591.1:1229561              1.7                  8860           5082.2
00:18:04.072 INFO  ProgressMeter -  NC_056591.1:1257597              1.9                  9070           4714.9
00:18:14.382 INFO  ProgressMeter -  NC_056591.1:1281699              2.1                  9250           4414.2
00:18:24.507 INFO  ProgressMeter -  NC_056591.1:1325288              2.3                  9550           4217.7
00:18:44.231 INFO  ProgressMeter -  NC_056591.1:1344758              2.6                  9710           3744.7
00:18:54.244 INFO  ProgressMeter -  NC_056591.1:1529793              2.8                 11120           4029.2
00:19:04.364 INFO  ProgressMeter -  NC_056591.1:1923369              2.9                 13440           4589.3
00:19:14.733 INFO  ProgressMeter -  NC_056591.1:2109898              3.1                 14740           4752.7
00:19:25.211 INFO  ProgressMeter -  NC_056591.1:2234598              3.3                 15740           4804.6
00:19:45.579 INFO  ProgressMeter -  NC_056591.1:2378819              3.6                 16850           4660.5
00:19:55.585 INFO  ProgressMeter -  NC_056591.1:2781783              3.8                 19520           5161.0
00:20:06.026 INFO  ProgressMeter -  NC_056591.1:3140553              4.0                 22000           5560.8
00:20:16.186 INFO  ProgressMeter -  NC_056591.1:3876407              4.1                 25740           6239.1
00:20:26.418 INFO  ProgressMeter -  NC_056591.1:4042597              4.3                 27010           6287.1
00:20:44.369 INFO  ProgressMeter -  NC_056591.1:4164045              4.6                 27970           6086.7
00:20:54.386 INFO  ProgressMeter -  NC_056591.1:4669421              4.8                 31040           6517.9
00:21:04.399 INFO  ProgressMeter -  NC_056591.1:5028716              4.9                 33860           6869.4
00:21:14.544 INFO  ProgressMeter -  NC_056591.1:5619259              5.1                 37640           7383.0
00:21:24.659 INFO  ProgressMeter -  NC_056591.1:5905013              5.3                 39810           7558.7
00:21:45.838 INFO  ProgressMeter -  NC_056591.1:6062025              5.6                 41000           7295.7
00:21:55.844 INFO  ProgressMeter -  NC_056591.1:6242604              5.8                 42400           7327.3
00:22:05.864 INFO  ProgressMeter -  NC_056591.1:6560653              6.0                 44740           7514.8
00:22:16.039 INFO  ProgressMeter -  NC_056591.1:6778194              6.1                 46360           7571.3
00:22:27.332 INFO  ProgressMeter -  NC_056591.1:6809523              6.3                 46610           7385.1
00:22:48.613 INFO  ProgressMeter -  NC_056591.1:6831487              6.7                 46790           7019.2
00:22:58.683 INFO  ProgressMeter -  NC_056591.1:6927051              6.8                 47530           6955.1
00:23:10.253 INFO  ProgressMeter -  NC_056591.1:6954907              7.0                 47750           6795.5
00:23:20.362 INFO  ProgressMeter -  NC_056591.1:7015058              7.2                 48240           6704.5
00:23:30.380 INFO  ProgressMeter -  NC_056591.1:7343468              7.4                 50620           6875.7
00:23:50.028 INFO  ProgressMeter -  NC_056591.1:7568976              7.7                 52140           6780.6
00:24:00.065 INFO  ProgressMeter -  NC_056591.1:8203774              7.9                 55800           7102.0
00:24:10.136 INFO  ProgressMeter -  NC_056591.1:8923438              8.0                 59760           7447.0
00:24:20.137 INFO  ProgressMeter -  NC_056591.1:9654520              8.2                 63740           7781.3
00:24:30.146 INFO  ProgressMeter -  NC_056591.1:9888119              8.4                 65560           7843.7
00:24:51.523 INFO  ProgressMeter - NC_056591.1:10055013              8.7                 66750           7659.6
00:25:01.602 INFO  ProgressMeter - NC_056591.1:10416183              8.9                 68880           7754.6
00:25:11.618 INFO  ProgressMeter - NC_056591.1:11001525              9.0                 72590           8021.5
00:25:21.641 INFO  ProgressMeter - NC_056591.1:11274827              9.2                 74660           8100.7
00:25:31.722 INFO  ProgressMeter - NC_056591.1:11531192              9.4                 76680           8170.9
00:25:51.614 INFO  ProgressMeter - NC_056591.1:11641699              9.7                 77550           7981.6
00:26:01.723 INFO  ProgressMeter - NC_056591.1:11822815              9.9                 78980           7990.3
00:26:11.736 INFO  ProgressMeter - NC_056591.1:12025098             10.1                 80580           8016.8
00:26:21.831 INFO  ProgressMeter - NC_056591.1:12189325             10.2                 81910           8014.9
00:26:31.905 INFO  ProgressMeter - NC_056591.1:12321713             10.4                 82670           7958.6
00:26:51.789 INFO  ProgressMeter - NC_056591.1:12389571             10.7                 83070           7749.8
00:27:01.821 INFO  ProgressMeter - NC_056591.1:12938912             10.9                 85780           7879.7
00:27:12.037 INFO  ProgressMeter - NC_056591.1:13070533             11.1                 86440           7818.1
00:27:22.310 INFO  ProgressMeter - NC_056591.1:13168381             11.2                 86970           7746.1
00:27:32.311 INFO  ProgressMeter - NC_056591.1:14281577             11.4                 92290           8099.6
00:27:53.230 INFO  ProgressMeter - NC_056591.1:14723770             11.7                 94710           8065.2
00:28:03.233 INFO  ProgressMeter - NC_056591.1:15070557             11.9                 97450           8182.4
00:28:13.440 INFO  ProgressMeter - NC_056591.1:15356609             12.1                 99730           8255.9
00:28:23.456 INFO  ProgressMeter - NC_056591.1:15560825             12.2                101380           8278.1
00:28:33.833 INFO  ProgressMeter - NC_056591.1:15927998             12.4                103790           8356.9
00:28:50.066 INFO  ProgressMeter - NC_056591.1:16101727             12.7                105110           8282.7
00:29:00.090 INFO  ProgressMeter - NC_056591.1:16354752             12.9                107090           8329.1
00:29:10.164 INFO  ProgressMeter - NC_056591.1:16619781             13.0                109210           8384.5
00:29:20.231 INFO  ProgressMeter - NC_056591.1:16828895             13.2                110830           8400.7
00:29:30.279 INFO  ProgressMeter - NC_056591.1:17086880             13.4                112830           8445.1
00:29:51.743 INFO  ProgressMeter - NC_056591.1:17307850             13.7                114600           8353.9
00:30:01.860 INFO  ProgressMeter - NC_056591.1:17380302             13.9                115150           8292.0
00:30:11.937 INFO  ProgressMeter - NC_056591.1:17424378             14.1                115500           8217.9
00:30:21.989 INFO  ProgressMeter - NC_056591.1:17504780             14.2                116110           8163.9
00:30:32.109 INFO  ProgressMeter - NC_056591.1:17531281             14.4                116330           8083.5
00:30:52.468 INFO  ProgressMeter - NC_056591.1:17558156             14.7                116530           7910.9
00:31:02.486 INFO  ProgressMeter - NC_056591.1:17740410             14.9                117990           7920.3
00:31:12.537 INFO  ProgressMeter - NC_056591.1:17964570             15.1                119810           7953.0
00:31:22.682 INFO  ProgressMeter - NC_056591.1:18180265             15.2                121520           7977.0
00:31:32.686 INFO  ProgressMeter - NC_056591.1:18407725             15.4                123310           8006.8
00:31:53.897 INFO  ProgressMeter - NC_056591.1:18585565             15.8                124660           7912.9
00:32:04.151 INFO  ProgressMeter - NC_056591.1:18873106             15.9                126850           7965.5
00:32:14.159 INFO  ProgressMeter - NC_056591.1:19383534             16.1                129850           8069.3
00:32:24.248 INFO  ProgressMeter - NC_056591.1:19635206             16.3                131830           8107.7
00:32:34.266 INFO  ProgressMeter - NC_056591.1:19872177             16.4                133700           8139.1
00:32:44.404 INFO  ProgressMeter - NC_056591.1:20093720             16.6                135410           8159.3
00:32:54.609 INFO  ProgressMeter - NC_056591.1:20353931             16.8                137440           8197.6
00:33:04.611 INFO  ProgressMeter - NC_056591.1:20650778             16.9                139650           8247.4
00:33:14.754 INFO  ProgressMeter - NC_056591.1:20954261             17.1                142010           8303.8
00:33:24.760 INFO  ProgressMeter - NC_056591.1:21215949             17.3                144020           8340.0
00:33:42.754 INFO  ProgressMeter - NC_056591.1:21334332             17.6                144930           8249.5
00:33:52.785 INFO  ProgressMeter - NC_056591.1:21477035             17.7                145830           8222.5
00:34:02.846 INFO  ProgressMeter - NC_056591.1:21527774             17.9                146170           8164.4
00:34:13.650 INFO  ProgressMeter - NC_056591.1:21761685             18.1                147250           8142.9
00:34:23.677 INFO  ProgressMeter - NC_056591.1:21788508             18.3                147430           8078.2
00:34:42.812 INFO  ProgressMeter - NC_056591.1:21802030             18.6                147530           7944.8
00:34:52.987 INFO  ProgressMeter - NC_056591.1:21969846             18.7                148730           7937.0
00:35:03.159 INFO  ProgressMeter - NC_056591.1:22216313             18.9                150330           7950.4
00:35:13.315 INFO  ProgressMeter - NC_056591.1:22603646             19.1                152640           8001.0
00:35:23.572 INFO  ProgressMeter - NC_056591.1:22812823             19.2                154150           8008.3
00:35:43.014 INFO  ProgressMeter - NC_056591.1:22927824             19.6                154990           7918.7
00:35:53.049 INFO  ProgressMeter - NC_056591.1:23102962             19.7                156240           7914.9
00:36:03.060 INFO  ProgressMeter - NC_056591.1:23261377             19.9                157470           7910.4
00:36:13.177 INFO  ProgressMeter - NC_056591.1:23860867             20.1                160630           8001.3
00:36:23.182 INFO  ProgressMeter - NC_056591.1:24220479             20.2                162730           8039.2
00:36:43.198 INFO  ProgressMeter - NC_056591.1:24519597             20.6                164640           8001.6
00:36:53.330 INFO  ProgressMeter - NC_056591.1:24721303             20.7                166270           8015.1
00:37:03.385 INFO  ProgressMeter - NC_056591.1:24985180             20.9                168320           8048.9
00:37:13.393 INFO  ProgressMeter - NC_056591.1:25131753             21.1                169480           8040.2
00:37:23.407 INFO  ProgressMeter - NC_056591.1:25155431             21.2                169670           7986.0
00:37:33.873 INFO  ProgressMeter - NC_056591.1:25189446             21.4                169910           7932.2
00:37:50.995 INFO  ProgressMeter - NC_056591.1:25208280             21.7                170060           7834.8
00:38:01.112 INFO  ProgressMeter - NC_056591.1:25388200             21.9                171470           7838.9
00:38:11.130 INFO  ProgressMeter - NC_056591.1:25615616             22.0                173190           7857.5
00:38:21.135 INFO  ProgressMeter - NC_056591.1:25913323             22.2                175320           7894.4
00:38:31.167 INFO  ProgressMeter - NC_056591.1:26222631             22.4                177320           7924.8
00:38:50.074 INFO  ProgressMeter - NC_056591.1:26325207             22.7                178120           7850.0
00:39:00.196 INFO  ProgressMeter - NC_056591.1:26520519             22.9                179650           7859.0
00:39:10.268 INFO  ProgressMeter - NC_056591.1:26683622             23.0                181020           7861.2
00:39:20.345 INFO  ProgressMeter - NC_056591.1:26889090             23.2                182590           7872.0
00:39:30.349 INFO  ProgressMeter - NC_056591.1:27149987             23.4                184540           7899.3
00:39:51.346 INFO  ProgressMeter - NC_056591.1:27289642             23.7                185630           7828.7
00:40:01.509 INFO  ProgressMeter - NC_056591.1:27341797             23.9                186050           7790.7
00:40:11.916 INFO  ProgressMeter - NC_056591.1:27398638             24.1                186500           7753.3
00:40:21.924 INFO  ProgressMeter - NC_056591.1:27458548             24.2                186990           7720.1
00:40:31.953 INFO  ProgressMeter - NC_056591.1:27494827             24.4                187250           7677.8
00:40:42.074 INFO  ProgressMeter - NC_056591.1:27525335             24.6                187500           7635.3
00:40:42.516 INFO  HaplotypeCaller - 256192 read(s) filtered by: MappingQualityReadFilter 
0 read(s) filtered by: MappingQualityAvailableReadFilter 
0 read(s) filtered by: MappedReadFilter 
0 read(s) filtered by: NotSecondaryAlignmentReadFilter 
337 read(s) filtered by: NotDuplicateReadFilter 
0 read(s) filtered by: PassesVendorQualityCheckReadFilter 
0 read(s) filtered by: NonZeroReferenceLengthAlignmentReadFilter 
0 read(s) filtered by: GoodCigarReadFilter 
0 read(s) filtered by: WellformedReadFilter 
256529 total reads filtered out of 879748 reads processed
00:40:42.516 INFO  ProgressMeter - NC_056591.1:27587652             24.6                187735           7642.6
00:40:42.516 INFO  ProgressMeter - Traversal complete. Processed 187735 total regions in 24.6 minutes.
00:40:42.520 WARN  IntelDeflaterFactory - Intel Deflater not supported, using Java.util.zip.Deflater
00:40:42.529 INFO  PairHMM - Total compute time in PairHMM computeLogLikelihoods() : 421.116479231
00:40:42.530 INFO  SmithWatermanAligner - Total compute time in java Smith-Waterman : 533.78 sec
00:40:42.531 INFO  HaplotypeCaller - Shutting down engine
[July 14, 2026 at 12:40:42 AM EDT] org.broadinstitute.hellbender.tools.walkers.haplotypecaller.HaplotypeCaller done. Elapsed time: 24.57 minutes.
Runtime.totalMemory()=1023410176
