Using GATK jar /Users/jennyfzhao/Work/task/2026-06-15_dnaseq/.micromamba/envs/koi-dnaseq/share/gatk4-4.6.2.0-0/gatk-package-4.6.2.0-local.jar
Running:
    java -Dsamjdk.use_async_io_read_samtools=false -Dsamjdk.use_async_io_write_samtools=true -Dsamjdk.use_async_io_write_tribble=false -Dsamjdk.compression_level=2 -jar /Users/jennyfzhao/Work/task/2026-06-15_dnaseq/.micromamba/envs/koi-dnaseq/share/gatk4-4.6.2.0-0/gatk-package-4.6.2.0-local.jar HaplotypeCaller -R references/carp.fa -I results/picard/SRR18681860.dedup.bam -O results/gatk_chrA20/gvcf/SRR18681860.NC_056591.1.g.vcf.gz -ERC GVCF -L NC_056591.1
23:50:33.832 INFO  NativeLibraryLoader - Loading libgkl_compression.dylib from jar:file:/Users/jennyfzhao/Work/task/2026-06-15_dnaseq/.micromamba/envs/koi-dnaseq/share/gatk4-4.6.2.0-0/gatk-package-4.6.2.0-local.jar!/com/intel/gkl/native/libgkl_compression.dylib
23:50:33.837 WARN  NativeLibraryLoader - Unable to load libgkl_compression.dylib from native/libgkl_compression.dylib (/private/var/folders/vl/k_bf39xn4s57bs_9qbflf_8m0000gn/T/libgkl_compression13924088580435975788.dylib: dlopen(/private/var/folders/vl/k_bf39xn4s57bs_9qbflf_8m0000gn/T/libgkl_compression13924088580435975788.dylib, 0x0001): tried: '/private/var/folders/vl/k_bf39xn4s57bs_9qbflf_8m0000gn/T/libgkl_compression13924088580435975788.dylib' (mach-o file, but is an incompatible architecture (have 'x86_64', need 'arm64e' or 'arm64e.v1' or 'arm64' or 'arm64')), '/System/Volumes/Preboot/Cryptexes/OS/private/var/folders/vl/k_bf39xn4s57bs_9qbflf_8m0000gn/T/libgkl_compression13924088580435975788.dylib' (no such file), '/private/var/folders/vl/k_bf39xn4s57bs_9qbflf_8m0000gn/T/libgkl_compression13924088580435975788.dylib' (mach-o file, but is an incompatible architecture (have 'x86_64', need 'arm64e' or 'arm64e.v1' or 'arm64' or 'arm64')))
23:50:33.839 INFO  NativeLibraryLoader - Loading libgkl_compression.dylib from jar:file:/Users/jennyfzhao/Work/task/2026-06-15_dnaseq/.micromamba/envs/koi-dnaseq/share/gatk4-4.6.2.0-0/gatk-package-4.6.2.0-local.jar!/com/intel/gkl/native/libgkl_compression.dylib
23:50:33.841 WARN  NativeLibraryLoader - Unable to load libgkl_compression.dylib from native/libgkl_compression.dylib (/private/var/folders/vl/k_bf39xn4s57bs_9qbflf_8m0000gn/T/libgkl_compression17584828982854632281.dylib: dlopen(/private/var/folders/vl/k_bf39xn4s57bs_9qbflf_8m0000gn/T/libgkl_compression17584828982854632281.dylib, 0x0001): tried: '/private/var/folders/vl/k_bf39xn4s57bs_9qbflf_8m0000gn/T/libgkl_compression17584828982854632281.dylib' (mach-o file, but is an incompatible architecture (have 'x86_64', need 'arm64e' or 'arm64e.v1' or 'arm64' or 'arm64')), '/System/Volumes/Preboot/Cryptexes/OS/private/var/folders/vl/k_bf39xn4s57bs_9qbflf_8m0000gn/T/libgkl_compression17584828982854632281.dylib' (no such file), '/private/var/folders/vl/k_bf39xn4s57bs_9qbflf_8m0000gn/T/libgkl_compression17584828982854632281.dylib' (mach-o file, but is an incompatible architecture (have 'x86_64', need 'arm64e' or 'arm64e.v1' or 'arm64' or 'arm64')))
23:50:33.877 INFO  HaplotypeCaller - ------------------------------------------------------------
23:50:33.878 INFO  HaplotypeCaller - The Genome Analysis Toolkit (GATK) v4.6.2.0
23:50:33.878 INFO  HaplotypeCaller - For support and documentation go to https://software.broadinstitute.org/gatk/
23:50:33.878 INFO  HaplotypeCaller - Executing as jennyfzhao@Jennys-MacBook-Pro.local on Mac OS X v26.5.2 aarch64
23:50:33.878 INFO  HaplotypeCaller - Java runtime: OpenJDK 64-Bit Server VM v17.0.18+8-LTS
23:50:33.878 INFO  HaplotypeCaller - Start Date/Time: July 13, 2026 at 11:50:33 PM EDT
23:50:33.878 INFO  HaplotypeCaller - ------------------------------------------------------------
23:50:33.878 INFO  HaplotypeCaller - ------------------------------------------------------------
23:50:33.878 INFO  HaplotypeCaller - HTSJDK Version: 4.2.0
23:50:33.878 INFO  HaplotypeCaller - Picard Version: 3.4.0
23:50:33.878 INFO  HaplotypeCaller - Built for Spark Version: 3.5.0
23:50:33.879 INFO  HaplotypeCaller - HTSJDK Defaults.COMPRESSION_LEVEL : 2
23:50:33.879 INFO  HaplotypeCaller - HTSJDK Defaults.USE_ASYNC_IO_READ_FOR_SAMTOOLS : false
23:50:33.879 INFO  HaplotypeCaller - HTSJDK Defaults.USE_ASYNC_IO_WRITE_FOR_SAMTOOLS : true
23:50:33.879 INFO  HaplotypeCaller - HTSJDK Defaults.USE_ASYNC_IO_WRITE_FOR_TRIBBLE : false
23:50:33.879 INFO  HaplotypeCaller - Deflater: JdkDeflater
23:50:33.879 INFO  HaplotypeCaller - Inflater: JdkInflater
23:50:33.879 INFO  HaplotypeCaller - GCS max retries/reopens: 20
23:50:33.879 INFO  HaplotypeCaller - Requester pays: disabled
23:50:33.879 INFO  HaplotypeCaller - Initializing engine
23:50:33.994 WARN  IntelInflaterFactory - IntelInflater is not supported, using Java.util.zip.Inflater
23:50:33.995 WARN  IntelInflaterFactory - IntelInflater is not supported, using Java.util.zip.Inflater
23:50:34.041 INFO  IntervalArgumentCollection - Processing 27589077 bp from intervals
23:50:34.047 INFO  HaplotypeCaller - Done initializing engine
23:50:34.047 INFO  HaplotypeCallerEngine - Tool is in reference confidence mode and the annotation, the following changes will be made to any specified annotations: 'StrandBiasBySample' will be enabled. 'ChromosomeCounts', 'FisherStrand', 'StrandOddsRatio' and 'QualByDepth' annotations have been disabled
23:50:34.094 INFO  NativeLibraryLoader - Loading libgkl_utils.dylib from jar:file:/Users/jennyfzhao/Work/task/2026-06-15_dnaseq/.micromamba/envs/koi-dnaseq/share/gatk4-4.6.2.0-0/gatk-package-4.6.2.0-local.jar!/com/intel/gkl/native/libgkl_utils.dylib
23:50:34.095 WARN  NativeLibraryLoader - Unable to load libgkl_utils.dylib from native/libgkl_utils.dylib (/private/var/folders/vl/k_bf39xn4s57bs_9qbflf_8m0000gn/T/libgkl_utils12527762581388017687.dylib: dlopen(/private/var/folders/vl/k_bf39xn4s57bs_9qbflf_8m0000gn/T/libgkl_utils12527762581388017687.dylib, 0x0001): tried: '/private/var/folders/vl/k_bf39xn4s57bs_9qbflf_8m0000gn/T/libgkl_utils12527762581388017687.dylib' (mach-o file, but is an incompatible architecture (have 'x86_64', need 'arm64e' or 'arm64e.v1' or 'arm64' or 'arm64')), '/System/Volumes/Preboot/Cryptexes/OS/private/var/folders/vl/k_bf39xn4s57bs_9qbflf_8m0000gn/T/libgkl_utils12527762581388017687.dylib' (no such file), '/private/var/folders/vl/k_bf39xn4s57bs_9qbflf_8m0000gn/T/libgkl_utils12527762581388017687.dylib' (mach-o file, but is an incompatible architecture (have 'x86_64', need 'arm64e' or 'arm64e.v1' or 'arm64' or 'arm64')))
23:50:34.095 WARN  IntelSmithWaterman - Intel GKL Utils not loaded
23:50:34.095 INFO  SmithWatermanAligner - AVX accelerated SmithWaterman implementation is not supported, falling back to the Java implementation
23:50:34.096 INFO  HaplotypeCallerEngine - Standard Emitting and Calling confidence set to -0.0 for reference-model confidence output
23:50:34.096 INFO  HaplotypeCallerEngine - All sites annotated with PLs forced to true for reference-model confidence output
23:50:34.099 INFO  NativeLibraryLoader - Loading libgkl_utils.dylib from jar:file:/Users/jennyfzhao/Work/task/2026-06-15_dnaseq/.micromamba/envs/koi-dnaseq/share/gatk4-4.6.2.0-0/gatk-package-4.6.2.0-local.jar!/com/intel/gkl/native/libgkl_utils.dylib
23:50:34.099 WARN  NativeLibraryLoader - Unable to load libgkl_utils.dylib from native/libgkl_utils.dylib (/private/var/folders/vl/k_bf39xn4s57bs_9qbflf_8m0000gn/T/libgkl_utils2502444293216484214.dylib: dlopen(/private/var/folders/vl/k_bf39xn4s57bs_9qbflf_8m0000gn/T/libgkl_utils2502444293216484214.dylib, 0x0001): tried: '/private/var/folders/vl/k_bf39xn4s57bs_9qbflf_8m0000gn/T/libgkl_utils2502444293216484214.dylib' (mach-o file, but is an incompatible architecture (have 'x86_64', need 'arm64e' or 'arm64e.v1' or 'arm64' or 'arm64')), '/System/Volumes/Preboot/Cryptexes/OS/private/var/folders/vl/k_bf39xn4s57bs_9qbflf_8m0000gn/T/libgkl_utils2502444293216484214.dylib' (no such file), '/private/var/folders/vl/k_bf39xn4s57bs_9qbflf_8m0000gn/T/libgkl_utils2502444293216484214.dylib' (mach-o file, but is an incompatible architecture (have 'x86_64', need 'arm64e' or 'arm64e.v1' or 'arm64' or 'arm64')))
23:50:34.099 WARN  IntelPairHmm - Intel GKL Utils not loaded
23:50:34.099 INFO  PairHMM - OpenMP multi-threaded AVX-accelerated native PairHMM implementation is not supported
23:50:34.100 INFO  NativeLibraryLoader - Loading libgkl_utils.dylib from jar:file:/Users/jennyfzhao/Work/task/2026-06-15_dnaseq/.micromamba/envs/koi-dnaseq/share/gatk4-4.6.2.0-0/gatk-package-4.6.2.0-local.jar!/com/intel/gkl/native/libgkl_utils.dylib
23:50:34.100 WARN  NativeLibraryLoader - Unable to load libgkl_utils.dylib from native/libgkl_utils.dylib (/private/var/folders/vl/k_bf39xn4s57bs_9qbflf_8m0000gn/T/libgkl_utils13843274189328459038.dylib: dlopen(/private/var/folders/vl/k_bf39xn4s57bs_9qbflf_8m0000gn/T/libgkl_utils13843274189328459038.dylib, 0x0001): tried: '/private/var/folders/vl/k_bf39xn4s57bs_9qbflf_8m0000gn/T/libgkl_utils13843274189328459038.dylib' (mach-o file, but is an incompatible architecture (have 'x86_64', need 'arm64e' or 'arm64e.v1' or 'arm64' or 'arm64')), '/System/Volumes/Preboot/Cryptexes/OS/private/var/folders/vl/k_bf39xn4s57bs_9qbflf_8m0000gn/T/libgkl_utils13843274189328459038.dylib' (no such file), '/private/var/folders/vl/k_bf39xn4s57bs_9qbflf_8m0000gn/T/libgkl_utils13843274189328459038.dylib' (mach-o file, but is an incompatible architecture (have 'x86_64', need 'arm64e' or 'arm64e.v1' or 'arm64' or 'arm64')))
23:50:34.100 WARN  IntelPairHmm - Intel GKL Utils not loaded
23:50:34.100 WARN  PairHMM - ***WARNING: Machine does not have the AVX instruction set support needed for the accelerated AVX PairHmm. Falling back to the MUCH slower LOGLESS_CACHING implementation!
23:50:34.101 WARN  IntelDeflaterFactory - Intel Deflater not supported, using Java.util.zip.Deflater
23:50:34.129 INFO  ProgressMeter - Starting traversal
23:50:34.130 INFO  ProgressMeter -        Current Locus  Elapsed Minutes     Regions Processed   Regions/Minute
23:50:34.313 WARN  InbreedingCoeff - InbreedingCoeff will not be calculated at position NC_056591.1:10547 and possibly subsequent; at least 10 samples must have called genotypes
23:50:34.317 WARN  DepthPerSampleHC - org.broadinstitute.hellbender.tools.walkers.annotator.DepthPerSampleHC$$Lambda$548/0x000000a8016273f8@420b55ed
23:50:34.317 WARN  StrandBiasBySample - org.broadinstitute.hellbender.tools.walkers.annotator.StrandBiasBySample$$Lambda$549/0x000000a801627628@42edde25
23:50:44.161 INFO  ProgressMeter -   NC_056591.1:298567              0.2                  2020          12082.5
23:50:54.168 INFO  ProgressMeter -   NC_056591.1:509870              0.3                  3640          10899.3
23:51:04.265 INFO  ProgressMeter -   NC_056591.1:645907              0.5                  4700           9357.9
23:51:16.777 INFO  ProgressMeter -   NC_056591.1:655856              0.7                  4780           6725.0
23:51:27.823 INFO  ProgressMeter -   NC_056591.1:694486              0.9                  5070           5665.5
23:51:38.115 INFO  ProgressMeter -   NC_056591.1:708869              1.1                  5180           4857.4
23:51:48.187 INFO  ProgressMeter -   NC_056591.1:750636              1.2                  5470           4431.7
23:51:58.607 INFO  ProgressMeter -   NC_056591.1:786413              1.4                  5760           4091.1
23:52:19.466 INFO  ProgressMeter -   NC_056591.1:825918              1.8                  5980           3406.2
23:52:29.505 INFO  ProgressMeter -   NC_056591.1:895180              1.9                  6430           3343.9
23:52:39.801 INFO  ProgressMeter -   NC_056591.1:930219              2.1                  6710           3203.6
23:52:51.342 INFO  ProgressMeter -   NC_056591.1:957581              2.3                  6890           3012.9
23:53:01.359 INFO  ProgressMeter -   NC_056591.1:992417              2.5                  7160           2917.9
23:53:11.565 INFO  ProgressMeter -  NC_056591.1:1103354              2.6                  7960           3033.6
23:53:21.687 INFO  ProgressMeter -  NC_056591.1:1277573              2.8                  9270           3319.5
23:53:31.909 INFO  ProgressMeter -  NC_056591.1:1447369              3.0                 10500           3543.7
23:53:41.984 INFO  ProgressMeter -  NC_056591.1:1631094              3.1                 11810           3772.1
23:53:52.075 INFO  ProgressMeter -  NC_056591.1:1997872              3.3                 14080           4267.9
23:54:02.276 INFO  ProgressMeter -  NC_056591.1:2138914              3.5                 15120           4358.5
23:54:12.279 INFO  ProgressMeter -  NC_056591.1:2305491              3.6                 16460           4527.2
23:54:22.301 INFO  ProgressMeter -  NC_056591.1:2609243              3.8                 18440           4849.0
23:54:32.775 INFO  ProgressMeter -  NC_056591.1:2857157              4.0                 20240           5088.7
23:54:42.862 INFO  ProgressMeter -  NC_056591.1:2897007              4.1                 20560           4959.6
23:54:55.755 INFO  ProgressMeter -  NC_056591.1:2898276              4.4                 20570           4717.4
23:55:05.957 INFO  ProgressMeter -  NC_056591.1:3018661              4.5                 21390           4721.4
23:55:17.972 INFO  ProgressMeter -  NC_056591.1:3139781              4.7                 22200           4692.8
23:55:28.134 INFO  ProgressMeter -  NC_056591.1:3199144              4.9                 22650           4622.4
23:55:38.325 INFO  ProgressMeter -  NC_056591.1:3498556              5.1                 24260           4785.1
23:55:48.471 INFO  ProgressMeter -  NC_056591.1:3793573              5.2                 25440           4855.9
23:55:58.501 INFO  ProgressMeter -  NC_056591.1:3983982              5.4                 26870           4970.3
23:56:08.508 INFO  ProgressMeter -  NC_056591.1:4172882              5.6                 28420           5099.6
23:56:18.561 INFO  ProgressMeter -  NC_056591.1:4537068              5.7                 30770           5360.1
23:56:28.566 INFO  ProgressMeter -  NC_056591.1:4962122              5.9                 33620           5691.3
23:56:38.726 INFO  ProgressMeter -  NC_056591.1:5153660              6.1                 35120           5779.5
23:56:48.786 INFO  ProgressMeter -  NC_056591.1:5722890              6.2                 38810           6215.3
23:56:58.798 INFO  ProgressMeter -  NC_056591.1:5994924              6.4                 40930           6384.2
23:57:08.811 INFO  ProgressMeter -  NC_056591.1:6205886              6.6                 42580           6473.1
23:57:18.825 INFO  ProgressMeter -  NC_056591.1:6516447              6.7                 44970           6667.2
23:57:29.249 INFO  ProgressMeter -  NC_056591.1:6640863              6.9                 45840           6625.6
23:57:39.266 INFO  ProgressMeter -  NC_056591.1:6741359              7.1                 46660           6585.2
23:57:49.563 INFO  ProgressMeter -  NC_056591.1:6781056              7.3                 47000           6476.3
23:57:59.753 INFO  ProgressMeter -  NC_056591.1:6808167              7.4                 47220           6357.8
23:58:11.600 INFO  ProgressMeter -  NC_056591.1:6841936              7.6                 47500           6229.9
23:58:21.609 INFO  ProgressMeter -  NC_056591.1:6897394              7.8                 47900           6147.9
23:58:31.791 INFO  ProgressMeter -  NC_056591.1:7036710              8.0                 49000           6155.0
23:58:41.801 INFO  ProgressMeter -  NC_056591.1:7425962              8.1                 51740           6365.8
23:58:52.001 INFO  ProgressMeter -  NC_056591.1:8178092              8.3                 56110           6762.0
23:59:02.055 INFO  ProgressMeter -  NC_056591.1:8911192              8.5                 60120           7101.8
23:59:12.082 INFO  ProgressMeter -  NC_056591.1:9581784              8.6                 63630           7371.0
23:59:22.107 INFO  ProgressMeter -  NC_056591.1:9869116              8.8                 65890           7487.8
23:59:33.363 INFO  ProgressMeter -  NC_056591.1:9896448              9.0                 66100           7354.9
23:59:43.374 INFO  ProgressMeter -  NC_056591.1:9938367              9.2                 66430           7256.9
23:59:53.486 INFO  ProgressMeter -  NC_056591.1:9973620              9.3                 66730           7157.9
00:00:11.789 INFO  ProgressMeter - NC_056591.1:10023922              9.6                 67030           6962.2
00:00:21.791 INFO  ProgressMeter - NC_056591.1:10411904              9.8                 69410           7086.7
00:00:31.942 INFO  ProgressMeter - NC_056591.1:10949137             10.0                 72720           7298.6
00:00:41.960 INFO  ProgressMeter - NC_056591.1:11234837             10.1                 74920           7395.5
00:00:51.969 INFO  ProgressMeter - NC_056591.1:11502417             10.3                 76990           7476.7
00:01:11.983 INFO  ProgressMeter - NC_056591.1:11617317             10.6                 77890           7326.8
00:01:22.189 INFO  ProgressMeter - NC_056591.1:11844342             10.8                 79710           7379.9
00:01:32.220 INFO  ProgressMeter - NC_056591.1:12065780             11.0                 81500           7430.6
00:01:42.267 INFO  ProgressMeter - NC_056591.1:12461187             11.1                 84080           7550.5
00:01:52.366 INFO  ProgressMeter - NC_056591.1:13177688             11.3                 87710           7759.2
00:02:02.374 INFO  ProgressMeter - NC_056591.1:14202595             11.5                 92600           8072.7
00:02:12.508 INFO  ProgressMeter - NC_056591.1:14298209             11.6                 93110           7999.4
00:02:22.776 INFO  ProgressMeter - NC_056591.1:14384608             11.8                 93640           7928.4
00:02:32.889 INFO  ProgressMeter - NC_056591.1:14479425             12.0                 94210           7864.4
00:02:42.902 INFO  ProgressMeter - NC_056591.1:14688235             12.1                 95150           7833.7
00:02:52.965 INFO  ProgressMeter - NC_056591.1:14745250             12.3                 95580           7761.9
00:03:02.975 INFO  ProgressMeter - NC_056591.1:14983575             12.5                 97440           7807.2
00:03:13.160 INFO  ProgressMeter - NC_056591.1:15225131             12.7                 99390           7856.6
00:03:23.205 INFO  ProgressMeter - NC_056591.1:15487432             12.8                101500           7918.6
00:03:33.250 INFO  ProgressMeter - NC_056591.1:15789027             13.0                103600           7978.2
00:03:43.282 INFO  ProgressMeter - NC_056591.1:16085464             13.2                105710           8037.2
00:03:59.700 INFO  ProgressMeter - NC_056591.1:16190153             13.4                106520           7933.8
00:04:09.706 INFO  ProgressMeter - NC_056591.1:16476741             13.6                108820           8005.6
00:04:19.896 INFO  ProgressMeter - NC_056591.1:16699781             13.8                110570           8034.0
00:04:29.903 INFO  ProgressMeter - NC_056591.1:17015418             13.9                113020           8113.7
00:04:41.481 INFO  ProgressMeter - NC_056591.1:17127146             14.1                113860           8062.3
00:05:01.165 INFO  ProgressMeter - NC_056591.1:17156927             14.5                114070           7893.8
00:05:11.659 INFO  ProgressMeter - NC_056591.1:17285260             14.6                115140           7872.6
00:05:21.964 INFO  ProgressMeter - NC_056591.1:17321017             14.8                115410           7799.4
00:05:32.126 INFO  ProgressMeter - NC_056591.1:17354485             15.0                115660           7727.9
00:05:42.730 INFO  ProgressMeter - NC_056591.1:17406200             15.1                116040           7662.8
00:05:52.744 INFO  ProgressMeter - NC_056591.1:17584875             15.3                117420           7669.4
00:06:02.771 INFO  ProgressMeter - NC_056591.1:17796814             15.5                119090           7694.5
00:06:12.843 INFO  ProgressMeter - NC_056591.1:18067491             15.6                121300           7753.2
00:06:22.856 INFO  ProgressMeter - NC_056591.1:18305545             15.8                123150           7788.3
00:06:32.873 INFO  ProgressMeter - NC_056591.1:18571917             16.0                125180           7834.0
00:06:42.923 INFO  ProgressMeter - NC_056591.1:18862930             16.1                127360           7887.8
00:06:53.005 INFO  ProgressMeter - NC_056591.1:19095064             16.3                129040           7909.5
00:07:03.011 INFO  ProgressMeter - NC_056591.1:19587921             16.5                132060           8012.7
00:07:13.457 INFO  ProgressMeter - NC_056591.1:19753295             16.7                133340           8005.8
00:07:23.467 INFO  ProgressMeter - NC_056591.1:19804248             16.8                133710           7948.4
00:07:33.499 INFO  ProgressMeter - NC_056591.1:19850720             17.0                134080           7891.9
00:07:55.546 INFO  ProgressMeter - NC_056591.1:19885033             17.4                134350           7740.4
00:08:05.557 INFO  ProgressMeter - NC_056591.1:20006047             17.5                135270           7719.2
00:08:15.709 INFO  ProgressMeter - NC_056591.1:20040430             17.7                135540           7660.7
00:08:25.735 INFO  ProgressMeter - NC_056591.1:20074014             17.9                135820           7604.7
00:08:35.745 INFO  ProgressMeter - NC_056591.1:20184523             18.0                136670           7581.4
00:08:45.795 INFO  ProgressMeter - NC_056591.1:20425432             18.2                138570           7616.1
00:08:56.334 INFO  ProgressMeter - NC_056591.1:20671537             18.4                140480           7647.2
00:09:06.353 INFO  ProgressMeter - NC_056591.1:20987135             18.5                142910           7709.4
00:09:16.375 INFO  ProgressMeter - NC_056591.1:21259484             18.7                145050           7755.0
00:09:37.287 INFO  ProgressMeter - NC_056591.1:21431386             19.1                146330           7680.3
00:09:47.375 INFO  ProgressMeter - NC_056591.1:21853673             19.2                148550           7728.6
00:09:57.416 INFO  ProgressMeter - NC_056591.1:22050736             19.4                149960           7734.6
00:10:07.429 INFO  ProgressMeter - NC_056591.1:22308252             19.6                151630           7754.0
00:10:17.515 INFO  ProgressMeter - NC_056591.1:22676638             19.7                153830           7799.5
00:10:36.841 INFO  ProgressMeter - NC_056591.1:22808543             20.0                154830           7724.1
00:10:47.628 INFO  ProgressMeter - NC_056591.1:22874661             20.2                155330           7680.1
00:10:58.521 INFO  ProgressMeter - NC_056591.1:22919653             20.4                155690           7629.4
00:11:08.712 INFO  ProgressMeter - NC_056591.1:22941318             20.6                155840           7573.7
00:11:18.740 INFO  ProgressMeter - NC_056591.1:22980538             20.7                156130           7526.7
00:11:38.365 INFO  ProgressMeter - NC_056591.1:22988945             21.1                156190           7412.7
00:11:48.388 INFO  ProgressMeter - NC_056591.1:23202183             21.2                157750           7427.9
00:11:58.524 INFO  ProgressMeter - NC_056591.1:23794876             21.4                160820           7512.6
00:12:08.537 INFO  ProgressMeter - NC_056591.1:23969099             21.6                162070           7512.5
00:12:18.568 INFO  ProgressMeter - NC_056591.1:24468250             21.7                164940           7586.7
00:12:37.785 INFO  ProgressMeter - NC_056591.1:24608861             22.1                166010           7525.1
00:12:47.791 INFO  ProgressMeter - NC_056591.1:24871319             22.2                168030           7559.5
00:12:57.805 INFO  ProgressMeter - NC_056591.1:25132833             22.4                170080           7594.7
00:13:08.010 INFO  ProgressMeter - NC_056591.1:25351717             22.6                171770           7612.3
00:13:18.149 INFO  ProgressMeter - NC_056591.1:25598573             22.7                173690           7640.2
00:13:36.934 INFO  ProgressMeter - NC_056591.1:25743612             23.0                174860           7587.2
00:13:46.972 INFO  ProgressMeter - NC_056591.1:26112811             23.2                177150           7631.2
00:13:56.972 INFO  ProgressMeter - NC_056591.1:26287708             23.4                178460           7632.8
00:14:06.988 INFO  ProgressMeter - NC_056591.1:26489950             23.5                180050           7646.2
00:14:17.169 INFO  ProgressMeter - NC_056591.1:26665003             23.7                181490           7652.2
00:14:39.873 INFO  ProgressMeter - NC_056591.1:26789693             24.1                182440           7571.5
00:14:49.894 INFO  ProgressMeter - NC_056591.1:26851127             24.3                182920           7539.1
00:15:00.600 INFO  ProgressMeter - NC_056591.1:26901061             24.4                183290           7499.2
00:15:11.784 INFO  ProgressMeter - NC_056591.1:26919214             24.6                183430           7448.2
00:15:22.232 INFO  ProgressMeter - NC_056591.1:26958541             24.8                183700           7406.8
00:15:41.064 INFO  ProgressMeter - NC_056591.1:26979494             25.1                183860           7320.6
00:15:51.144 INFO  ProgressMeter - NC_056591.1:27178003             25.3                185400           7332.8
00:16:01.204 INFO  ProgressMeter - NC_056591.1:27376153             25.5                186930           7344.6
00:16:07.657 INFO  HaplotypeCaller - 247901 read(s) filtered by: MappingQualityReadFilter 
0 read(s) filtered by: MappingQualityAvailableReadFilter 
0 read(s) filtered by: MappedReadFilter 
0 read(s) filtered by: NotSecondaryAlignmentReadFilter 
360 read(s) filtered by: NotDuplicateReadFilter 
0 read(s) filtered by: PassesVendorQualityCheckReadFilter 
0 read(s) filtered by: NonZeroReferenceLengthAlignmentReadFilter 
0 read(s) filtered by: GoodCigarReadFilter 
0 read(s) filtered by: WellformedReadFilter 
248261 total reads filtered out of 871776 reads processed
00:16:07.657 INFO  ProgressMeter - NC_056591.1:27588235             25.6                188322           7368.2
00:16:07.657 INFO  ProgressMeter - Traversal complete. Processed 188322 total regions in 25.6 minutes.
00:16:07.658 WARN  IntelDeflaterFactory - Intel Deflater not supported, using Java.util.zip.Deflater
00:16:07.660 INFO  PairHMM - Total compute time in PairHMM computeLogLikelihoods() : 500.30440688100003
00:16:07.660 INFO  SmithWatermanAligner - Total compute time in java Smith-Waterman : 571.76 sec
00:16:07.660 INFO  HaplotypeCaller - Shutting down engine
[July 14, 2026 at 12:16:07 AM EDT] org.broadinstitute.hellbender.tools.walkers.haplotypecaller.HaplotypeCaller done. Elapsed time: 25.56 minutes.
Runtime.totalMemory()=1056964608
